2013-01-26 14:43:53 Debug: Received
2013-01-26 14:44:07 Debug: Received
2013-01-26 14:51:46 Debug: Received
2013-01-26 14:53:08 Debug: Received
2013-01-26 14:53:08 Debug: Array key not exist
2013-01-26 14:53:10 Debug: Received
2013-01-26 14:53:10 Debug: Array key not exist
2013-01-26 14:53:10 Debug: Received
2013-01-26 14:53:10 Debug: Array key not exist
2013-01-26 15:40:48 Debug: Received
2013-01-26 15:40:50 Debug: Received
2013-01-26 15:40:50 Debug: Received
2013-01-26 15:45:11 Debug: Received
2013-01-26 15:45:11 Debug: 
2013-01-26 15:45:11 Debug: Array key not exist
2013-01-26 15:45:14 Debug: Received
2013-01-26 15:45:14 Debug: 
2013-01-26 15:45:14 Debug: Array key not exist
2013-01-26 15:45:14 Debug: Received
2013-01-26 15:45:14 Debug: 
2013-01-26 15:45:14 Debug: Array key not exist
2013-01-26 15:47:01 Debug: Received
2013-01-26 15:47:01 Debug: 
2013-01-26 15:47:01 Debug: Array key not exist
2013-01-26 15:47:01 Debug: Received
2013-01-26 15:47:01 Debug: 
2013-01-26 15:47:01 Debug: Array key not exist
2013-01-26 15:47:02 Debug: Received
2013-01-26 15:47:02 Debug: 
2013-01-26 15:47:02 Debug: Array key not exist
2013-01-26 15:47:02 Debug: Received
2013-01-26 15:47:02 Debug: 
2013-01-26 15:47:02 Debug: Array key not exist
2013-01-26 15:47:03 Debug: Received
2013-01-26 15:47:03 Debug: 
2013-01-26 15:47:03 Debug: Array key not exist
2013-01-26 15:47:03 Debug: Received
2013-01-26 15:47:03 Debug: 
2013-01-26 15:47:03 Debug: Array key not exist
2013-01-26 15:47:04 Debug: Received
2013-01-26 15:47:04 Debug: 
2013-01-26 15:47:04 Debug: Array key not exist
2013-01-26 15:47:04 Debug: Received
2013-01-26 15:47:04 Debug: 
2013-01-26 15:47:04 Debug: Array key not exist
2013-01-26 15:47:05 Debug: Received
2013-01-26 15:47:05 Debug: 
2013-01-26 15:47:05 Debug: Array key not exist
2013-01-26 17:23:56 Debug: Received
2013-01-26 17:23:56 Debug: Array key not exist
2013-01-26 17:23:58 Debug: Received
2013-01-26 17:23:58 Debug: Array key not exist
2013-01-26 17:23:59 Debug: Received
2013-01-26 17:23:59 Debug: Array key not exist
2013-01-26 17:31:13 Debug: Received
2013-01-26 17:31:13 Debug: Array key not exist
2013-01-26 17:31:13 Debug: Received
2013-01-26 17:31:13 Debug: Array key not exist
2013-01-26 17:31:14 Debug: Received
2013-01-26 17:31:14 Debug: Array key not exist
2013-01-26 17:31:14 Debug: Received
2013-01-26 17:31:14 Debug: Array key not exist
2013-01-26 17:31:15 Debug: Received
2013-01-26 17:31:15 Debug: Array key not exist
2013-01-26 17:37:12 Debug: Received
2013-01-26 17:37:12 Debug: game id => 14, turn => 2
2013-01-26 17:37:13 Debug: Save success
2013-01-26 17:37:15 Debug: Received
2013-01-26 17:37:15 Debug: game id => 14, turn => 3
2013-01-26 17:37:15 Debug: Save success
2013-01-26 17:37:15 Debug: Received
2013-01-26 17:37:15 Debug: game id => 14, turn => 4
2013-01-26 17:37:15 Debug: Save success
