2013-01-22 15:44:46 Error: [MissingPluginException] Plugin DebugKit could not be found.
#0 /homepages/9/d414412169/htdocs/sirengray/app/Config/bootstrap.php(182): CakePlugin::load('DebugKit')
#1 /homepages/9/d414412169/htdocs/sirengray/lib/Cake/Core/Configure.php(92): include('/homepages/9/d4...')
#2 /homepages/9/d414412169/htdocs/sirengray/lib/Cake/bootstrap.php(163): Configure::bootstrap(true)
#3 /homepages/9/d414412169/htdocs/sirengray/app/webroot/index.php(86): include('/homepages/9/d4...')
#4 /homepages/9/d414412169/htdocs/sirengray/index.php(42): require('/homepages/9/d4...')
#5 {main}
2013-01-22 15:45:21 Error: [MissingPluginException] Plugin DebugKit could not be found.
#0 /homepages/9/d414412169/htdocs/sirengray/app/Config/bootstrap.php(182): CakePlugin::load('DebugKit')
#1 /homepages/9/d414412169/htdocs/sirengray/lib/Cake/Core/Configure.php(92): include('/homepages/9/d4...')
#2 /homepages/9/d414412169/htdocs/sirengray/lib/Cake/bootstrap.php(163): Configure::bootstrap(true)
#3 /homepages/9/d414412169/htdocs/sirengray/app/webroot/index.php(86): include('/homepages/9/d4...')
#4 /homepages/9/d414412169/htdocs/sirengray/index.php(42): require('/homepages/9/d4...')
#5 {main}
2013-01-22 15:47:00 Error: [MissingPluginException] Plugin DebugKit could not be found.
#0 /homepages/9/d414412169/htdocs/sirengray/app/Config/bootstrap.php(146): CakePlugin::load('DebugKit')
#1 /homepages/9/d414412169/htdocs/sirengray/lib/Cake/Core/Configure.php(92): include('/homepages/9/d4...')
#2 /homepages/9/d414412169/htdocs/sirengray/lib/Cake/bootstrap.php(163): Configure::bootstrap(true)
#3 /homepages/9/d414412169/htdocs/sirengray/app/webroot/index.php(86): include('/homepages/9/d4...')
#4 /homepages/9/d414412169/htdocs/sirengray/index.php(42): require('/homepages/9/d4...')
#5 {main}
2013-01-22 15:48:57 Error: [MissingPluginException] Plugin DebugKit could not be found.
#0 /homepages/9/d414412169/htdocs/sirengray/app/Config/bootstrap.php(146): CakePlugin::load('DebugKit')
#1 /homepages/9/d414412169/htdocs/sirengray/lib/Cake/Core/Configure.php(92): include('/homepages/9/d4...')
#2 /homepages/9/d414412169/htdocs/sirengray/lib/Cake/bootstrap.php(163): Configure::bootstrap(true)
#3 /homepages/9/d414412169/htdocs/sirengray/app/webroot/index.php(86): include('/homepages/9/d4...')
#4 /homepages/9/d414412169/htdocs/sirengray/index.php(42): require('/homepages/9/d4...')
#5 {main}
2013-01-22 15:48:59 Error: [MissingPluginException] Plugin DebugKit could not be found.
#0 /homepages/9/d414412169/htdocs/sirengray/app/Config/bootstrap.php(146): CakePlugin::load('DebugKit')
#1 /homepages/9/d414412169/htdocs/sirengray/lib/Cake/Core/Configure.php(92): include('/homepages/9/d4...')
#2 /homepages/9/d414412169/htdocs/sirengray/lib/Cake/bootstrap.php(163): Configure::bootstrap(true)
#3 /homepages/9/d414412169/htdocs/sirengray/app/webroot/index.php(86): include('/homepages/9/d4...')
#4 /homepages/9/d414412169/htdocs/sirengray/index.php(42): require('/homepages/9/d4...')
#5 {main}
2013-01-22 15:49:00 Error: [MissingPluginException] Plugin DebugKit could not be found.
#0 /homepages/9/d414412169/htdocs/sirengray/app/Config/bootstrap.php(146): CakePlugin::load('DebugKit')
#1 /homepages/9/d414412169/htdocs/sirengray/lib/Cake/Core/Configure.php(92): include('/homepages/9/d4...')
#2 /homepages/9/d414412169/htdocs/sirengray/lib/Cake/bootstrap.php(163): Configure::bootstrap(true)
#3 /homepages/9/d414412169/htdocs/sirengray/app/webroot/index.php(86): include('/homepages/9/d4...')
#4 /homepages/9/d414412169/htdocs/sirengray/index.php(42): require('/homepages/9/d4...')
#5 {main}
2013-01-22 15:49:00 Error: [MissingPluginException] Plugin DebugKit could not be found.
#0 /homepages/9/d414412169/htdocs/sirengray/app/Config/bootstrap.php(146): CakePlugin::load('DebugKit')
#1 /homepages/9/d414412169/htdocs/sirengray/lib/Cake/Core/Configure.php(92): include('/homepages/9/d4...')
#2 /homepages/9/d414412169/htdocs/sirengray/lib/Cake/bootstrap.php(163): Configure::bootstrap(true)
#3 /homepages/9/d414412169/htdocs/sirengray/app/webroot/index.php(86): include('/homepages/9/d4...')
#4 /homepages/9/d414412169/htdocs/sirengray/index.php(42): require('/homepages/9/d4...')
#5 {main}
2013-01-22 16:06:38 Error: [MissingPluginException] Plugin DebugKit could not be found.
#0 /homepages/9/d414412169/htdocs/sirengray/lib/Cake/Core/App.php(364): CakePlugin::path('DebugKit')
#1 /homepages/9/d414412169/htdocs/sirengray/lib/Cake/Core/App.php(225): App::pluginPath('DebugKit')
#2 /homepages/9/d414412169/htdocs/sirengray/lib/Cake/Core/App.php(542): App::path('Controller/Comp...', 'DebugKit')
#3 [internal function]: App::load('ToolbarComponen...')
#4 [internal function]: spl_autoload_call('ToolbarComponen...')
#5 /homepages/9/d414412169/htdocs/sirengray/lib/Cake/Controller/ComponentCollection.php(99): class_exists('ToolbarComponen...')
#6 /homepages/9/d414412169/htdocs/sirengray/lib/Cake/Controller/ComponentCollection.php(52): ComponentCollection->load('DebugKit.Toolba...', Array)
#7 /homepages/9/d414412169/htdocs/sirengray/lib/Cake/Controller/Controller.php(634): ComponentCollection->init(Object(PagesController))
#8 /homepages/9/d414412169/htdocs/sirengray/lib/Cake/Routing/Dispatcher.php(182): Controller->constructClasses()
#9 /homepages/9/d414412169/htdocs/sirengray/lib/Cake/Routing/Dispatcher.php(161): Dispatcher->_invoke(Object(PagesController), Object(CakeRequest), Object(CakeResponse))
#10 /homepages/9/d414412169/htdocs/sirengray/app/webroot/index.php(97): Dispatcher->dispatch(Object(CakeRequest), Object(CakeResponse))
#11 /homepages/9/d414412169/htdocs/sirengray/index.php(42): require('/homepages/9/d4...')
#12 {main}
2013-01-22 16:08:24 Error: [MissingPluginException] Plugin DebugKit could not be found.
#0 /homepages/9/d414412169/htdocs/sirengray/lib/Cake/Core/App.php(364): CakePlugin::path('DebugKit')
#1 /homepages/9/d414412169/htdocs/sirengray/lib/Cake/Core/App.php(225): App::pluginPath('DebugKit')
#2 /homepages/9/d414412169/htdocs/sirengray/lib/Cake/Core/App.php(542): App::path('Controller/Comp...', 'DebugKit')
#3 [internal function]: App::load('ToolbarComponen...')
#4 [internal function]: spl_autoload_call('ToolbarComponen...')
#5 /homepages/9/d414412169/htdocs/sirengray/lib/Cake/Controller/ComponentCollection.php(99): class_exists('ToolbarComponen...')
#6 /homepages/9/d414412169/htdocs/sirengray/lib/Cake/Controller/ComponentCollection.php(52): ComponentCollection->load('DebugKit.Toolba...', Array)
#7 /homepages/9/d414412169/htdocs/sirengray/lib/Cake/Controller/Controller.php(634): ComponentCollection->init(Object(PagesController))
#8 /homepages/9/d414412169/htdocs/sirengray/lib/Cake/Routing/Dispatcher.php(182): Controller->constructClasses()
#9 /homepages/9/d414412169/htdocs/sirengray/lib/Cake/Routing/Dispatcher.php(161): Dispatcher->_invoke(Object(PagesController), Object(CakeRequest), Object(CakeResponse))
#10 /homepages/9/d414412169/htdocs/sirengray/app/webroot/index.php(97): Dispatcher->dispatch(Object(CakeRequest), Object(CakeResponse))
#11 /homepages/9/d414412169/htdocs/sirengray/index.php(42): require('/homepages/9/d4...')
#12 {main}
2013-01-22 16:08:26 Error: [MissingPluginException] Plugin DebugKit could not be found.
#0 /homepages/9/d414412169/htdocs/sirengray/lib/Cake/Core/App.php(364): CakePlugin::path('DebugKit')
#1 /homepages/9/d414412169/htdocs/sirengray/lib/Cake/Core/App.php(225): App::pluginPath('DebugKit')
#2 /homepages/9/d414412169/htdocs/sirengray/lib/Cake/Core/App.php(542): App::path('Controller/Comp...', 'DebugKit')
#3 [internal function]: App::load('ToolbarComponen...')
#4 [internal function]: spl_autoload_call('ToolbarComponen...')
#5 /homepages/9/d414412169/htdocs/sirengray/lib/Cake/Controller/ComponentCollection.php(99): class_exists('ToolbarComponen...')
#6 /homepages/9/d414412169/htdocs/sirengray/lib/Cake/Controller/ComponentCollection.php(52): ComponentCollection->load('DebugKit.Toolba...', Array)
#7 /homepages/9/d414412169/htdocs/sirengray/lib/Cake/Controller/Controller.php(634): ComponentCollection->init(Object(PagesController))
#8 /homepages/9/d414412169/htdocs/sirengray/lib/Cake/Routing/Dispatcher.php(182): Controller->constructClasses()
#9 /homepages/9/d414412169/htdocs/sirengray/lib/Cake/Routing/Dispatcher.php(161): Dispatcher->_invoke(Object(PagesController), Object(CakeRequest), Object(CakeResponse))
#10 /homepages/9/d414412169/htdocs/sirengray/app/webroot/index.php(97): Dispatcher->dispatch(Object(CakeRequest), Object(CakeResponse))
#11 /homepages/9/d414412169/htdocs/sirengray/index.php(42): require('/homepages/9/d4...')
#12 {main}
2013-01-22 16:08:47 Error: [MissingPluginException] Plugin DebugKit could not be found.
#0 /homepages/9/d414412169/htdocs/sirengray/lib/Cake/Core/App.php(364): CakePlugin::path('DebugKit')
#1 /homepages/9/d414412169/htdocs/sirengray/lib/Cake/Core/App.php(225): App::pluginPath('DebugKit')
#2 /homepages/9/d414412169/htdocs/sirengray/lib/Cake/Core/App.php(542): App::path('Controller/Comp...', 'DebugKit')
#3 [internal function]: App::load('ToolbarComponen...')
#4 [internal function]: spl_autoload_call('ToolbarComponen...')
#5 /homepages/9/d414412169/htdocs/sirengray/lib/Cake/Controller/ComponentCollection.php(99): class_exists('ToolbarComponen...')
#6 /homepages/9/d414412169/htdocs/sirengray/lib/Cake/Controller/ComponentCollection.php(52): ComponentCollection->load('DebugKit.Toolba...', Array)
#7 /homepages/9/d414412169/htdocs/sirengray/lib/Cake/Controller/Controller.php(634): ComponentCollection->init(Object(PagesController))
#8 /homepages/9/d414412169/htdocs/sirengray/lib/Cake/Routing/Dispatcher.php(182): Controller->constructClasses()
#9 /homepages/9/d414412169/htdocs/sirengray/lib/Cake/Routing/Dispatcher.php(161): Dispatcher->_invoke(Object(PagesController), Object(CakeRequest), Object(CakeResponse))
#10 /homepages/9/d414412169/htdocs/sirengray/app/webroot/index.php(97): Dispatcher->dispatch(Object(CakeRequest), Object(CakeResponse))
#11 /homepages/9/d414412169/htdocs/sirengray/index.php(42): require('/homepages/9/d4...')
#12 {main}
2013-01-22 16:08:49 Error: [MissingPluginException] Plugin DebugKit could not be found.
#0 /homepages/9/d414412169/htdocs/sirengray/lib/Cake/Core/App.php(364): CakePlugin::path('DebugKit')
#1 /homepages/9/d414412169/htdocs/sirengray/lib/Cake/Core/App.php(225): App::pluginPath('DebugKit')
#2 /homepages/9/d414412169/htdocs/sirengray/lib/Cake/Core/App.php(542): App::path('Controller/Comp...', 'DebugKit')
#3 [internal function]: App::load('ToolbarComponen...')
#4 [internal function]: spl_autoload_call('ToolbarComponen...')
#5 /homepages/9/d414412169/htdocs/sirengray/lib/Cake/Controller/ComponentCollection.php(99): class_exists('ToolbarComponen...')
#6 /homepages/9/d414412169/htdocs/sirengray/lib/Cake/Controller/ComponentCollection.php(52): ComponentCollection->load('DebugKit.Toolba...', Array)
#7 /homepages/9/d414412169/htdocs/sirengray/lib/Cake/Controller/Controller.php(634): ComponentCollection->init(Object(PagesController))
#8 /homepages/9/d414412169/htdocs/sirengray/lib/Cake/Routing/Dispatcher.php(182): Controller->constructClasses()
#9 /homepages/9/d414412169/htdocs/sirengray/lib/Cake/Routing/Dispatcher.php(161): Dispatcher->_invoke(Object(PagesController), Object(CakeRequest), Object(CakeResponse))
#10 /homepages/9/d414412169/htdocs/sirengray/app/webroot/index.php(97): Dispatcher->dispatch(Object(CakeRequest), Object(CakeResponse))
#11 /homepages/9/d414412169/htdocs/sirengray/index.php(42): require('/homepages/9/d4...')
#12 {main}
2013-01-22 16:08:52 Error: [MissingPluginException] Plugin DebugKit could not be found.
#0 /homepages/9/d414412169/htdocs/sirengray/lib/Cake/Core/App.php(364): CakePlugin::path('DebugKit')
#1 /homepages/9/d414412169/htdocs/sirengray/lib/Cake/Core/App.php(225): App::pluginPath('DebugKit')
#2 /homepages/9/d414412169/htdocs/sirengray/lib/Cake/Core/App.php(542): App::path('Controller/Comp...', 'DebugKit')
#3 [internal function]: App::load('ToolbarComponen...')
#4 [internal function]: spl_autoload_call('ToolbarComponen...')
#5 /homepages/9/d414412169/htdocs/sirengray/lib/Cake/Controller/ComponentCollection.php(99): class_exists('ToolbarComponen...')
#6 /homepages/9/d414412169/htdocs/sirengray/lib/Cake/Controller/ComponentCollection.php(52): ComponentCollection->load('DebugKit.Toolba...', Array)
#7 /homepages/9/d414412169/htdocs/sirengray/lib/Cake/Controller/Controller.php(634): ComponentCollection->init(Object(PagesController))
#8 /homepages/9/d414412169/htdocs/sirengray/lib/Cake/Routing/Dispatcher.php(182): Controller->constructClasses()
#9 /homepages/9/d414412169/htdocs/sirengray/lib/Cake/Routing/Dispatcher.php(161): Dispatcher->_invoke(Object(PagesController), Object(CakeRequest), Object(CakeResponse))
#10 /homepages/9/d414412169/htdocs/sirengray/app/webroot/index.php(97): Dispatcher->dispatch(Object(CakeRequest), Object(CakeResponse))
#11 /homepages/9/d414412169/htdocs/sirengray/index.php(42): require('/homepages/9/d4...')
#12 {main}
2013-01-22 16:08:59 Error: [MissingPluginException] Plugin DebugKit could not be found.
#0 /homepages/9/d414412169/htdocs/sirengray/lib/Cake/Core/App.php(364): CakePlugin::path('DebugKit')
#1 /homepages/9/d414412169/htdocs/sirengray/lib/Cake/Core/App.php(225): App::pluginPath('DebugKit')
#2 /homepages/9/d414412169/htdocs/sirengray/lib/Cake/Core/App.php(542): App::path('Controller/Comp...', 'DebugKit')
#3 [internal function]: App::load('ToolbarComponen...')
#4 [internal function]: spl_autoload_call('ToolbarComponen...')
#5 /homepages/9/d414412169/htdocs/sirengray/lib/Cake/Controller/ComponentCollection.php(99): class_exists('ToolbarComponen...')
#6 /homepages/9/d414412169/htdocs/sirengray/lib/Cake/Controller/ComponentCollection.php(52): ComponentCollection->load('DebugKit.Toolba...', Array)
#7 /homepages/9/d414412169/htdocs/sirengray/lib/Cake/Controller/Controller.php(634): ComponentCollection->init(Object(PagesController))
#8 /homepages/9/d414412169/htdocs/sirengray/lib/Cake/Routing/Dispatcher.php(182): Controller->constructClasses()
#9 /homepages/9/d414412169/htdocs/sirengray/lib/Cake/Routing/Dispatcher.php(161): Dispatcher->_invoke(Object(PagesController), Object(CakeRequest), Object(CakeResponse))
#10 /homepages/9/d414412169/htdocs/sirengray/app/webroot/index.php(97): Dispatcher->dispatch(Object(CakeRequest), Object(CakeResponse))
#11 /homepages/9/d414412169/htdocs/sirengray/index.php(42): require('/homepages/9/d4...')
#12 {main}
2013-01-22 16:15:53 Error: [MissingPluginException] Plugin DebugKit could not be found.
#0 /homepages/9/d414412169/htdocs/sirengray/lib/Cake/Core/App.php(364): CakePlugin::path('DebugKit')
#1 /homepages/9/d414412169/htdocs/sirengray/lib/Cake/Core/App.php(225): App::pluginPath('DebugKit')
#2 /homepages/9/d414412169/htdocs/sirengray/lib/Cake/Core/App.php(542): App::path('Controller/Comp...', 'DebugKit')
#3 [internal function]: App::load('ToolbarComponen...')
#4 [internal function]: spl_autoload_call('ToolbarComponen...')
#5 /homepages/9/d414412169/htdocs/sirengray/lib/Cake/Controller/ComponentCollection.php(99): class_exists('ToolbarComponen...')
#6 /homepages/9/d414412169/htdocs/sirengray/lib/Cake/Controller/ComponentCollection.php(52): ComponentCollection->load('DebugKit.Toolba...', Array)
#7 /homepages/9/d414412169/htdocs/sirengray/lib/Cake/Controller/Controller.php(634): ComponentCollection->init(Object(PagesController))
#8 /homepages/9/d414412169/htdocs/sirengray/lib/Cake/Routing/Dispatcher.php(182): Controller->constructClasses()
#9 /homepages/9/d414412169/htdocs/sirengray/lib/Cake/Routing/Dispatcher.php(161): Dispatcher->_invoke(Object(PagesController), Object(CakeRequest), Object(CakeResponse))
#10 /homepages/9/d414412169/htdocs/sirengray/app/webroot/index.php(97): Dispatcher->dispatch(Object(CakeRequest), Object(CakeResponse))
#11 /homepages/9/d414412169/htdocs/sirengray/index.php(42): require('/homepages/9/d4...')
#12 {main}
2013-01-22 16:15:56 Error: [MissingPluginException] Plugin DebugKit could not be found.
#0 /homepages/9/d414412169/htdocs/sirengray/lib/Cake/Core/App.php(364): CakePlugin::path('DebugKit')
#1 /homepages/9/d414412169/htdocs/sirengray/lib/Cake/Core/App.php(225): App::pluginPath('DebugKit')
#2 /homepages/9/d414412169/htdocs/sirengray/lib/Cake/Core/App.php(542): App::path('Controller/Comp...', 'DebugKit')
#3 [internal function]: App::load('ToolbarComponen...')
#4 [internal function]: spl_autoload_call('ToolbarComponen...')
#5 /homepages/9/d414412169/htdocs/sirengray/lib/Cake/Controller/ComponentCollection.php(99): class_exists('ToolbarComponen...')
#6 /homepages/9/d414412169/htdocs/sirengray/lib/Cake/Controller/ComponentCollection.php(52): ComponentCollection->load('DebugKit.Toolba...', Array)
#7 /homepages/9/d414412169/htdocs/sirengray/lib/Cake/Controller/Controller.php(634): ComponentCollection->init(Object(PagesController))
#8 /homepages/9/d414412169/htdocs/sirengray/lib/Cake/Routing/Dispatcher.php(182): Controller->constructClasses()
#9 /homepages/9/d414412169/htdocs/sirengray/lib/Cake/Routing/Dispatcher.php(161): Dispatcher->_invoke(Object(PagesController), Object(CakeRequest), Object(CakeResponse))
#10 /homepages/9/d414412169/htdocs/sirengray/app/webroot/index.php(97): Dispatcher->dispatch(Object(CakeRequest), Object(CakeResponse))
#11 /homepages/9/d414412169/htdocs/sirengray/index.php(42): require('/homepages/9/d4...')
#12 {main}
2013-01-22 16:15:56 Error: [MissingPluginException] Plugin DebugKit could not be found.
#0 /homepages/9/d414412169/htdocs/sirengray/lib/Cake/Core/App.php(364): CakePlugin::path('DebugKit')
#1 /homepages/9/d414412169/htdocs/sirengray/lib/Cake/Core/App.php(225): App::pluginPath('DebugKit')
#2 /homepages/9/d414412169/htdocs/sirengray/lib/Cake/Core/App.php(542): App::path('Controller/Comp...', 'DebugKit')
#3 [internal function]: App::load('ToolbarComponen...')
#4 [internal function]: spl_autoload_call('ToolbarComponen...')
#5 /homepages/9/d414412169/htdocs/sirengray/lib/Cake/Controller/ComponentCollection.php(99): class_exists('ToolbarComponen...')
#6 /homepages/9/d414412169/htdocs/sirengray/lib/Cake/Controller/ComponentCollection.php(52): ComponentCollection->load('DebugKit.Toolba...', Array)
#7 /homepages/9/d414412169/htdocs/sirengray/lib/Cake/Controller/Controller.php(634): ComponentCollection->init(Object(PagesController))
#8 /homepages/9/d414412169/htdocs/sirengray/lib/Cake/Routing/Dispatcher.php(182): Controller->constructClasses()
#9 /homepages/9/d414412169/htdocs/sirengray/lib/Cake/Routing/Dispatcher.php(161): Dispatcher->_invoke(Object(PagesController), Object(CakeRequest), Object(CakeResponse))
#10 /homepages/9/d414412169/htdocs/sirengray/app/webroot/index.php(97): Dispatcher->dispatch(Object(CakeRequest), Object(CakeResponse))
#11 /homepages/9/d414412169/htdocs/sirengray/index.php(42): require('/homepages/9/d4...')
#12 {main}
2013-01-22 16:15:57 Error: [MissingPluginException] Plugin DebugKit could not be found.
#0 /homepages/9/d414412169/htdocs/sirengray/lib/Cake/Core/App.php(364): CakePlugin::path('DebugKit')
#1 /homepages/9/d414412169/htdocs/sirengray/lib/Cake/Core/App.php(225): App::pluginPath('DebugKit')
#2 /homepages/9/d414412169/htdocs/sirengray/lib/Cake/Core/App.php(542): App::path('Controller/Comp...', 'DebugKit')
#3 [internal function]: App::load('ToolbarComponen...')
#4 [internal function]: spl_autoload_call('ToolbarComponen...')
#5 /homepages/9/d414412169/htdocs/sirengray/lib/Cake/Controller/ComponentCollection.php(99): class_exists('ToolbarComponen...')
#6 /homepages/9/d414412169/htdocs/sirengray/lib/Cake/Controller/ComponentCollection.php(52): ComponentCollection->load('DebugKit.Toolba...', Array)
#7 /homepages/9/d414412169/htdocs/sirengray/lib/Cake/Controller/Controller.php(634): ComponentCollection->init(Object(PagesController))
#8 /homepages/9/d414412169/htdocs/sirengray/lib/Cake/Routing/Dispatcher.php(182): Controller->constructClasses()
#9 /homepages/9/d414412169/htdocs/sirengray/lib/Cake/Routing/Dispatcher.php(161): Dispatcher->_invoke(Object(PagesController), Object(CakeRequest), Object(CakeResponse))
#10 /homepages/9/d414412169/htdocs/sirengray/app/webroot/index.php(97): Dispatcher->dispatch(Object(CakeRequest), Object(CakeResponse))
#11 /homepages/9/d414412169/htdocs/sirengray/index.php(42): require('/homepages/9/d4...')
#12 {main}
2013-01-22 16:15:58 Error: [MissingPluginException] Plugin DebugKit could not be found.
#0 /homepages/9/d414412169/htdocs/sirengray/lib/Cake/Core/App.php(364): CakePlugin::path('DebugKit')
#1 /homepages/9/d414412169/htdocs/sirengray/lib/Cake/Core/App.php(225): App::pluginPath('DebugKit')
#2 /homepages/9/d414412169/htdocs/sirengray/lib/Cake/Core/App.php(542): App::path('Controller/Comp...', 'DebugKit')
#3 [internal function]: App::load('ToolbarComponen...')
#4 [internal function]: spl_autoload_call('ToolbarComponen...')
#5 /homepages/9/d414412169/htdocs/sirengray/lib/Cake/Controller/ComponentCollection.php(99): class_exists('ToolbarComponen...')
#6 /homepages/9/d414412169/htdocs/sirengray/lib/Cake/Controller/ComponentCollection.php(52): ComponentCollection->load('DebugKit.Toolba...', Array)
#7 /homepages/9/d414412169/htdocs/sirengray/lib/Cake/Controller/Controller.php(634): ComponentCollection->init(Object(PagesController))
#8 /homepages/9/d414412169/htdocs/sirengray/lib/Cake/Routing/Dispatcher.php(182): Controller->constructClasses()
#9 /homepages/9/d414412169/htdocs/sirengray/lib/Cake/Routing/Dispatcher.php(161): Dispatcher->_invoke(Object(PagesController), Object(CakeRequest), Object(CakeResponse))
#10 /homepages/9/d414412169/htdocs/sirengray/app/webroot/index.php(97): Dispatcher->dispatch(Object(CakeRequest), Object(CakeResponse))
#11 /homepages/9/d414412169/htdocs/sirengray/index.php(42): require('/homepages/9/d4...')
#12 {main}
2013-01-22 16:15:58 Error: [MissingPluginException] Plugin DebugKit could not be found.
#0 /homepages/9/d414412169/htdocs/sirengray/lib/Cake/Core/App.php(364): CakePlugin::path('DebugKit')
#1 /homepages/9/d414412169/htdocs/sirengray/lib/Cake/Core/App.php(225): App::pluginPath('DebugKit')
#2 /homepages/9/d414412169/htdocs/sirengray/lib/Cake/Core/App.php(542): App::path('Controller/Comp...', 'DebugKit')
#3 [internal function]: App::load('ToolbarComponen...')
#4 [internal function]: spl_autoload_call('ToolbarComponen...')
#5 /homepages/9/d414412169/htdocs/sirengray/lib/Cake/Controller/ComponentCollection.php(99): class_exists('ToolbarComponen...')
#6 /homepages/9/d414412169/htdocs/sirengray/lib/Cake/Controller/ComponentCollection.php(52): ComponentCollection->load('DebugKit.Toolba...', Array)
#7 /homepages/9/d414412169/htdocs/sirengray/lib/Cake/Controller/Controller.php(634): ComponentCollection->init(Object(PagesController))
#8 /homepages/9/d414412169/htdocs/sirengray/lib/Cake/Routing/Dispatcher.php(182): Controller->constructClasses()
#9 /homepages/9/d414412169/htdocs/sirengray/lib/Cake/Routing/Dispatcher.php(161): Dispatcher->_invoke(Object(PagesController), Object(CakeRequest), Object(CakeResponse))
#10 /homepages/9/d414412169/htdocs/sirengray/app/webroot/index.php(97): Dispatcher->dispatch(Object(CakeRequest), Object(CakeResponse))
#11 /homepages/9/d414412169/htdocs/sirengray/index.php(42): require('/homepages/9/d4...')
#12 {main}
2013-01-22 16:15:59 Error: [MissingPluginException] Plugin DebugKit could not be found.
#0 /homepages/9/d414412169/htdocs/sirengray/lib/Cake/Core/App.php(364): CakePlugin::path('DebugKit')
#1 /homepages/9/d414412169/htdocs/sirengray/lib/Cake/Core/App.php(225): App::pluginPath('DebugKit')
#2 /homepages/9/d414412169/htdocs/sirengray/lib/Cake/Core/App.php(542): App::path('Controller/Comp...', 'DebugKit')
#3 [internal function]: App::load('ToolbarComponen...')
#4 [internal function]: spl_autoload_call('ToolbarComponen...')
#5 /homepages/9/d414412169/htdocs/sirengray/lib/Cake/Controller/ComponentCollection.php(99): class_exists('ToolbarComponen...')
#6 /homepages/9/d414412169/htdocs/sirengray/lib/Cake/Controller/ComponentCollection.php(52): ComponentCollection->load('DebugKit.Toolba...', Array)
#7 /homepages/9/d414412169/htdocs/sirengray/lib/Cake/Controller/Controller.php(634): ComponentCollection->init(Object(PagesController))
#8 /homepages/9/d414412169/htdocs/sirengray/lib/Cake/Routing/Dispatcher.php(182): Controller->constructClasses()
#9 /homepages/9/d414412169/htdocs/sirengray/lib/Cake/Routing/Dispatcher.php(161): Dispatcher->_invoke(Object(PagesController), Object(CakeRequest), Object(CakeResponse))
#10 /homepages/9/d414412169/htdocs/sirengray/app/webroot/index.php(97): Dispatcher->dispatch(Object(CakeRequest), Object(CakeResponse))
#11 /homepages/9/d414412169/htdocs/sirengray/index.php(42): require('/homepages/9/d4...')
#12 {main}
2013-01-23 19:07:35 Error: [MissingActionException] Action PostsController::index.vtp() could not be found.
#0 /homepages/9/d414412169/htdocs/sirengray/lib/Cake/Routing/Dispatcher.php(186): Controller->invokeAction(Object(CakeRequest))
#1 /homepages/9/d414412169/htdocs/sirengray/lib/Cake/Routing/Dispatcher.php(161): Dispatcher->_invoke(Object(PostsController), Object(CakeRequest), Object(CakeResponse))
#2 /homepages/9/d414412169/htdocs/sirengray/app/webroot/index.php(97): Dispatcher->dispatch(Object(CakeRequest), Object(CakeResponse))
#3 /homepages/9/d414412169/htdocs/sirengray/index.php(42): require('/homepages/9/d4...')
#4 {main}
2013-01-23 19:07:40 Error: [MissingActionException] Action PostsController::index.ctp() could not be found.
#0 /homepages/9/d414412169/htdocs/sirengray/lib/Cake/Routing/Dispatcher.php(186): Controller->invokeAction(Object(CakeRequest))
#1 /homepages/9/d414412169/htdocs/sirengray/lib/Cake/Routing/Dispatcher.php(161): Dispatcher->_invoke(Object(PostsController), Object(CakeRequest), Object(CakeResponse))
#2 /homepages/9/d414412169/htdocs/sirengray/app/webroot/index.php(97): Dispatcher->dispatch(Object(CakeRequest), Object(CakeResponse))
#3 /homepages/9/d414412169/htdocs/sirengray/index.php(42): require('/homepages/9/d4...')
#4 {main}
2013-01-23 19:10:05 Error: [MissingActionException] Action PostsController::view() could not be found.
#0 /homepages/9/d414412169/htdocs/sirengray/lib/Cake/Routing/Dispatcher.php(186): Controller->invokeAction(Object(CakeRequest))
#1 /homepages/9/d414412169/htdocs/sirengray/lib/Cake/Routing/Dispatcher.php(161): Dispatcher->_invoke(Object(PostsController), Object(CakeRequest), Object(CakeResponse))
#2 /homepages/9/d414412169/htdocs/sirengray/app/webroot/index.php(97): Dispatcher->dispatch(Object(CakeRequest), Object(CakeResponse))
#3 /homepages/9/d414412169/htdocs/sirengray/index.php(42): require('/homepages/9/d4...')
#4 {main}
2013-01-23 20:31:55 Error: [MissingControllerException] Controller class PostController could not be found.
#0 /homepages/9/d414412169/htdocs/sirengray/app/webroot/index.php(97): Dispatcher->dispatch(Object(CakeRequest), Object(CakeResponse))
#1 /homepages/9/d414412169/htdocs/sirengray/index.php(42): require('/homepages/9/d4...')
#2 {main}
2013-01-23 21:00:25 Error: [MissingActionException] Action PostsController::view() could not be found.
#0 /homepages/9/d414412169/htdocs/sirengray/lib/Cake/Routing/Dispatcher.php(186): Controller->invokeAction(Object(CakeRequest))
#1 /homepages/9/d414412169/htdocs/sirengray/lib/Cake/Routing/Dispatcher.php(161): Dispatcher->_invoke(Object(PostsController), Object(CakeRequest), Object(CakeResponse))
#2 /homepages/9/d414412169/htdocs/sirengray/app/webroot/index.php(97): Dispatcher->dispatch(Object(CakeRequest), Object(CakeResponse))
#3 /homepages/9/d414412169/htdocs/sirengray/index.php(42): require('/homepages/9/d4...')
#4 {main}
2013-01-23 21:56:37 Error: [NotFoundException] Invalid post
#0 [internal function]: PostsController->view('8')
#1 /homepages/9/d414412169/htdocs/sirengray/lib/Cake/Controller/Controller.php(485): ReflectionMethod->invokeArgs(Object(PostsController), Array)
#2 /homepages/9/d414412169/htdocs/sirengray/lib/Cake/Routing/Dispatcher.php(186): Controller->invokeAction(Object(CakeRequest))
#3 /homepages/9/d414412169/htdocs/sirengray/lib/Cake/Routing/Dispatcher.php(161): Dispatcher->_invoke(Object(PostsController), Object(CakeRequest), Object(CakeResponse))
#4 /homepages/9/d414412169/htdocs/sirengray/app/webroot/index.php(97): Dispatcher->dispatch(Object(CakeRequest), Object(CakeResponse))
#5 /homepages/9/d414412169/htdocs/sirengray/index.php(42): require('/homepages/9/d4...')
#6 {main}
2013-01-23 21:58:54 Error: [NotFoundException] Invalid post
#0 [internal function]: PostsController->view('8')
#1 /homepages/9/d414412169/htdocs/sirengray/lib/Cake/Controller/Controller.php(485): ReflectionMethod->invokeArgs(Object(PostsController), Array)
#2 /homepages/9/d414412169/htdocs/sirengray/lib/Cake/Routing/Dispatcher.php(186): Controller->invokeAction(Object(CakeRequest))
#3 /homepages/9/d414412169/htdocs/sirengray/lib/Cake/Routing/Dispatcher.php(161): Dispatcher->_invoke(Object(PostsController), Object(CakeRequest), Object(CakeResponse))
#4 /homepages/9/d414412169/htdocs/sirengray/app/webroot/index.php(97): Dispatcher->dispatch(Object(CakeRequest), Object(CakeResponse))
#5 /homepages/9/d414412169/htdocs/sirengray/index.php(42): require('/homepages/9/d4...')
#6 {main}
2013-01-25 15:23:26 Error: [MissingActionException] Action GamesController::Join() could not be found.
#0 /homepages/9/d414412169/htdocs/sirengray/lib/Cake/Routing/Dispatcher.php(186): Controller->invokeAction(Object(CakeRequest))
#1 /homepages/9/d414412169/htdocs/sirengray/lib/Cake/Routing/Dispatcher.php(161): Dispatcher->_invoke(Object(GamesController), Object(CakeRequest), Object(CakeResponse))
#2 /homepages/9/d414412169/htdocs/sirengray/app/webroot/index.php(97): Dispatcher->dispatch(Object(CakeRequest), Object(CakeResponse))
#3 /homepages/9/d414412169/htdocs/sirengray/index.php(42): require('/homepages/9/d4...')
#4 {main}
2013-01-25 15:27:04 Error: [MissingActionException] Action GamesController::create() could not be found.
#0 /homepages/9/d414412169/htdocs/sirengray/lib/Cake/Routing/Dispatcher.php(186): Controller->invokeAction(Object(CakeRequest))
#1 /homepages/9/d414412169/htdocs/sirengray/lib/Cake/Routing/Dispatcher.php(161): Dispatcher->_invoke(Object(GamesController), Object(CakeRequest), Object(CakeResponse))
#2 /homepages/9/d414412169/htdocs/sirengray/app/webroot/index.php(97): Dispatcher->dispatch(Object(CakeRequest), Object(CakeResponse))
#3 /homepages/9/d414412169/htdocs/sirengray/index.php(42): require('/homepages/9/d4...')
#4 {main}
2013-01-25 15:28:59 Error: [MissingActionException] Action GamesController::Join() could not be found.
#0 /homepages/9/d414412169/htdocs/sirengray/lib/Cake/Routing/Dispatcher.php(186): Controller->invokeAction(Object(CakeRequest))
#1 /homepages/9/d414412169/htdocs/sirengray/lib/Cake/Routing/Dispatcher.php(161): Dispatcher->_invoke(Object(GamesController), Object(CakeRequest), Object(CakeResponse))
#2 /homepages/9/d414412169/htdocs/sirengray/app/webroot/index.php(97): Dispatcher->dispatch(Object(CakeRequest), Object(CakeResponse))
#3 /homepages/9/d414412169/htdocs/sirengray/index.php(42): require('/homepages/9/d4...')
#4 {main}
2013-01-25 15:29:02 Error: [MissingActionException] Action GamesController::create() could not be found.
#0 /homepages/9/d414412169/htdocs/sirengray/lib/Cake/Routing/Dispatcher.php(186): Controller->invokeAction(Object(CakeRequest))
#1 /homepages/9/d414412169/htdocs/sirengray/lib/Cake/Routing/Dispatcher.php(161): Dispatcher->_invoke(Object(GamesController), Object(CakeRequest), Object(CakeResponse))
#2 /homepages/9/d414412169/htdocs/sirengray/app/webroot/index.php(97): Dispatcher->dispatch(Object(CakeRequest), Object(CakeResponse))
#3 /homepages/9/d414412169/htdocs/sirengray/index.php(42): require('/homepages/9/d4...')
#4 {main}
2013-01-25 15:35:59 Error: [MissingViewException] View file "/homepages/9/d414412169/htdocs/sirengray/app/View/Games/create.ctp" is missing.
#0 /homepages/9/d414412169/htdocs/sirengray/lib/Cake/View/View.php(467): View->_getViewFileName(NULL)
#1 /homepages/9/d414412169/htdocs/sirengray/lib/Cake/Controller/Controller.php(955): View->render(NULL, NULL)
#2 /homepages/9/d414412169/htdocs/sirengray/lib/Cake/Routing/Dispatcher.php(193): Controller->render()
#3 /homepages/9/d414412169/htdocs/sirengray/lib/Cake/Routing/Dispatcher.php(161): Dispatcher->_invoke(Object(GamesController), Object(CakeRequest), Object(CakeResponse))
#4 /homepages/9/d414412169/htdocs/sirengray/app/webroot/index.php(97): Dispatcher->dispatch(Object(CakeRequest), Object(CakeResponse))
#5 /homepages/9/d414412169/htdocs/sirengray/index.php(42): require('/homepages/9/d4...')
#6 {main}
2013-01-25 22:58:50 Error: [MissingActionException] Action GamesController::Join() could not be found.
#0 /homepages/9/d414412169/htdocs/sirengray/lib/Cake/Routing/Dispatcher.php(186): Controller->invokeAction(Object(CakeRequest))
#1 /homepages/9/d414412169/htdocs/sirengray/lib/Cake/Routing/Dispatcher.php(161): Dispatcher->_invoke(Object(GamesController), Object(CakeRequest), Object(CakeResponse))
#2 /homepages/9/d414412169/htdocs/sirengray/app/webroot/index.php(97): Dispatcher->dispatch(Object(CakeRequest), Object(CakeResponse))
#3 /homepages/9/d414412169/htdocs/sirengray/index.php(42): require('/homepages/9/d4...')
#4 {main}
2013-01-26 14:32:15 Error: [MissingControllerException] Controller class GameController could not be found.
#0 /homepages/9/d414412169/htdocs/sirengray/app/webroot/index.php(97): Dispatcher->dispatch(Object(CakeRequest), Object(CakeResponse))
#1 /homepages/9/d414412169/htdocs/sirengray/index.php(42): require('/homepages/9/d4...')
#2 {main}
2013-01-26 14:33:31 Error: [MissingControllerException] Controller class GameController could not be found.
#0 /homepages/9/d414412169/htdocs/sirengray/app/webroot/index.php(97): Dispatcher->dispatch(Object(CakeRequest), Object(CakeResponse))
#1 /homepages/9/d414412169/htdocs/sirengray/index.php(42): require('/homepages/9/d4...')
#2 {main}
2013-01-26 14:33:52 Error: [MissingViewException] View file "/homepages/9/d414412169/htdocs/sirengray/app/View/Games/update.ctp" is missing.
#0 /homepages/9/d414412169/htdocs/sirengray/lib/Cake/View/View.php(467): View->_getViewFileName(NULL)
#1 /homepages/9/d414412169/htdocs/sirengray/lib/Cake/Controller/Controller.php(955): View->render(NULL, NULL)
#2 /homepages/9/d414412169/htdocs/sirengray/lib/Cake/Routing/Dispatcher.php(193): Controller->render()
#3 /homepages/9/d414412169/htdocs/sirengray/lib/Cake/Routing/Dispatcher.php(161): Dispatcher->_invoke(Object(GamesController), Object(CakeRequest), Object(CakeResponse))
#4 /homepages/9/d414412169/htdocs/sirengray/app/webroot/index.php(97): Dispatcher->dispatch(Object(CakeRequest), Object(CakeResponse))
#5 /homepages/9/d414412169/htdocs/sirengray/index.php(42): require('/homepages/9/d4...')
#6 {main}
2013-01-26 14:34:28 Error: [NotFoundException] Invalid game
#0 [internal function]: GamesController->play('update')
#1 /homepages/9/d414412169/htdocs/sirengray/lib/Cake/Controller/Controller.php(485): ReflectionMethod->invokeArgs(Object(GamesController), Array)
#2 /homepages/9/d414412169/htdocs/sirengray/lib/Cake/Routing/Dispatcher.php(186): Controller->invokeAction(Object(CakeRequest))
#3 /homepages/9/d414412169/htdocs/sirengray/lib/Cake/Routing/Dispatcher.php(161): Dispatcher->_invoke(Object(GamesController), Object(CakeRequest), Object(CakeResponse))
#4 /homepages/9/d414412169/htdocs/sirengray/app/webroot/index.php(97): Dispatcher->dispatch(Object(CakeRequest), Object(CakeResponse))
#5 /homepages/9/d414412169/htdocs/sirengray/index.php(42): require('/homepages/9/d4...')
#6 {main}
2013-01-26 14:34:41 Error: [MissingViewException] View file "/homepages/9/d414412169/htdocs/sirengray/app/View/Games/update.ctp" is missing.
#0 /homepages/9/d414412169/htdocs/sirengray/lib/Cake/View/View.php(467): View->_getViewFileName(NULL)
#1 /homepages/9/d414412169/htdocs/sirengray/lib/Cake/Controller/Controller.php(955): View->render(NULL, NULL)
#2 /homepages/9/d414412169/htdocs/sirengray/lib/Cake/Routing/Dispatcher.php(193): Controller->render()
#3 /homepages/9/d414412169/htdocs/sirengray/lib/Cake/Routing/Dispatcher.php(161): Dispatcher->_invoke(Object(GamesController), Object(CakeRequest), Object(CakeResponse))
#4 /homepages/9/d414412169/htdocs/sirengray/app/webroot/index.php(97): Dispatcher->dispatch(Object(CakeRequest), Object(CakeResponse))
#5 /homepages/9/d414412169/htdocs/sirengray/index.php(42): require('/homepages/9/d4...')
#6 {main}
2013-01-26 14:36:19 Error: [MissingViewException] View file "/homepages/9/d414412169/htdocs/sirengray/app/View/Games/update.ctp" is missing.
#0 /homepages/9/d414412169/htdocs/sirengray/lib/Cake/View/View.php(467): View->_getViewFileName(NULL)
#1 /homepages/9/d414412169/htdocs/sirengray/lib/Cake/Controller/Controller.php(955): View->render(NULL, NULL)
#2 /homepages/9/d414412169/htdocs/sirengray/lib/Cake/Routing/Dispatcher.php(193): Controller->render()
#3 /homepages/9/d414412169/htdocs/sirengray/lib/Cake/Routing/Dispatcher.php(161): Dispatcher->_invoke(Object(GamesController), Object(CakeRequest), Object(CakeResponse))
#4 /homepages/9/d414412169/htdocs/sirengray/app/webroot/index.php(97): Dispatcher->dispatch(Object(CakeRequest), Object(CakeResponse))
#5 /homepages/9/d414412169/htdocs/sirengray/index.php(42): require('/homepages/9/d4...')
#6 {main}
2013-01-26 14:36:25 Error: [MissingViewException] View file "/homepages/9/d414412169/htdocs/sirengray/app/View/Games/update.ctp" is missing.
#0 /homepages/9/d414412169/htdocs/sirengray/lib/Cake/View/View.php(467): View->_getViewFileName(NULL)
#1 /homepages/9/d414412169/htdocs/sirengray/lib/Cake/Controller/Controller.php(955): View->render(NULL, NULL)
#2 /homepages/9/d414412169/htdocs/sirengray/lib/Cake/Routing/Dispatcher.php(193): Controller->render()
#3 /homepages/9/d414412169/htdocs/sirengray/lib/Cake/Routing/Dispatcher.php(161): Dispatcher->_invoke(Object(GamesController), Object(CakeRequest), Object(CakeResponse))
#4 /homepages/9/d414412169/htdocs/sirengray/app/webroot/index.php(97): Dispatcher->dispatch(Object(CakeRequest), Object(CakeResponse))
#5 /homepages/9/d414412169/htdocs/sirengray/index.php(42): require('/homepages/9/d4...')
#6 {main}
2013-01-26 14:42:07 Error: [MissingViewException] View file "/homepages/9/d414412169/htdocs/sirengray/app/View/Games/update.ctp" is missing.
#0 /homepages/9/d414412169/htdocs/sirengray/lib/Cake/View/View.php(467): View->_getViewFileName(NULL)
#1 /homepages/9/d414412169/htdocs/sirengray/lib/Cake/Controller/Controller.php(955): View->render(NULL, NULL)
#2 /homepages/9/d414412169/htdocs/sirengray/lib/Cake/Routing/Dispatcher.php(193): Controller->render()
#3 /homepages/9/d414412169/htdocs/sirengray/lib/Cake/Routing/Dispatcher.php(161): Dispatcher->_invoke(Object(GamesController), Object(CakeRequest), Object(CakeResponse))
#4 /homepages/9/d414412169/htdocs/sirengray/app/webroot/index.php(97): Dispatcher->dispatch(Object(CakeRequest), Object(CakeResponse))
#5 /homepages/9/d414412169/htdocs/sirengray/index.php(42): require('/homepages/9/d4...')
#6 {main}
2013-01-26 14:43:53 Error: [MissingViewException] View file "/homepages/9/d414412169/htdocs/sirengray/app/View/Games/update.ctp" is missing.
#0 /homepages/9/d414412169/htdocs/sirengray/lib/Cake/View/View.php(467): View->_getViewFileName(NULL)
#1 /homepages/9/d414412169/htdocs/sirengray/lib/Cake/Controller/Controller.php(955): View->render(NULL, NULL)
#2 /homepages/9/d414412169/htdocs/sirengray/lib/Cake/Routing/Dispatcher.php(193): Controller->render()
#3 /homepages/9/d414412169/htdocs/sirengray/lib/Cake/Routing/Dispatcher.php(161): Dispatcher->_invoke(Object(GamesController), Object(CakeRequest), Object(CakeResponse))
#4 /homepages/9/d414412169/htdocs/sirengray/app/webroot/index.php(97): Dispatcher->dispatch(Object(CakeRequest), Object(CakeResponse))
#5 /homepages/9/d414412169/htdocs/sirengray/index.php(42): require('/homepages/9/d4...')
#6 {main}
2013-01-26 14:44:07 Error: [MissingViewException] View file "/homepages/9/d414412169/htdocs/sirengray/app/View/Games/update.ctp" is missing.
#0 /homepages/9/d414412169/htdocs/sirengray/lib/Cake/View/View.php(467): View->_getViewFileName(NULL)
#1 /homepages/9/d414412169/htdocs/sirengray/lib/Cake/Controller/Controller.php(955): View->render(NULL, NULL)
#2 /homepages/9/d414412169/htdocs/sirengray/lib/Cake/Routing/Dispatcher.php(193): Controller->render()
#3 /homepages/9/d414412169/htdocs/sirengray/lib/Cake/Routing/Dispatcher.php(161): Dispatcher->_invoke(Object(GamesController), Object(CakeRequest), Object(CakeResponse))
#4 /homepages/9/d414412169/htdocs/sirengray/app/webroot/index.php(97): Dispatcher->dispatch(Object(CakeRequest), Object(CakeResponse))
#5 /homepages/9/d414412169/htdocs/sirengray/index.php(42): require('/homepages/9/d4...')
#6 {main}
